2026-06-22T13:24:46 [INFO    ] slr.pipeline — ============================================================
2026-06-22T13:24:46 [INFO    ] slr.pipeline — SLR PIPELINE START
2026-06-22T13:24:46 [INFO    ] slr.pipeline — Query: ("Digital Twin" OR "Digital Twins") AND ("cyberattack" OR "cyberattacks" OR "cyber attack" OR "cyber attacks" OR "cybersecurity" OR "cyber-security") AND ("internet of things" OR "IoT" OR "CPS" OR "cyber-physical systems")
2026-06-22T13:24:46 [INFO    ] slr.pipeline — Run directory: output/2026-06-22T13-24-45Z
2026-06-22T13:24:46 [INFO    ] slr.pipeline — ============================================================
2026-06-22T13:24:46 [INFO    ] slr.pipeline — [Stage 1/5] Extracting from databases …
2026-06-22T13:24:46 [INFO    ] slr.extractors.acm_digital_library — Starting ACM DL extraction (API mode)
2026-06-22T13:24:46 [INFO    ] slr.extractors.springer_link — Springer — using Open Access API
2026-06-22T13:24:46 [INFO    ] slr.extractors.computer_org — Starting Computer.org extraction
2026-06-22T13:24:46 [WARNING ] slr.extractors.ieee_xplore — IEEE Xplore extractor disabled: IEEE_API_KEY not set. Obtain a free key at https://developer.ieee.org/
2026-06-22T13:24:46 [INFO    ] slr.extractors.semantic_scholar — Starting Semantic Scholar extraction
2026-06-22T13:24:46 [INFO    ] slr.pipeline — [Stage 1] ieee_xplore                    -> 0 articles
2026-06-22T13:24:46 [INFO    ] slr.extractors.semantic_scholar — Semantic Scholar — authenticated (higher rate limit)
2026-06-22T13:24:46 [INFO    ] slr.extractors.semantic_scholar — Semantic Scholar — simplifying complex boolean query to: '"digital twin" cybersecurity IoT'
2026-06-22T13:24:46 [WARNING ] slr.extractors.acm_digital_library — ACM DL is protected by Cloudflare. Falling back to CrossRef API for ACM papers (DOI prefix 10.1145).
2026-06-22T13:24:46 [INFO    ] slr.extractors.acm_digital_library — ACM CrossRef fallback — querying CrossRef for ACM papers …
2026-06-22T13:24:48 [INFO    ] slr.extractors.semantic_scholar — Semantic Scholar — fetched 100/6173 articles (offset=100)
2026-06-22T13:24:49 [INFO    ] slr.extractors.semantic_scholar — Semantic Scholar — fetched 200/6173 articles (offset=200)
2026-06-22T13:24:50 [INFO    ] slr.extractors.semantic_scholar — Semantic Scholar — fetched 300/6173 articles (offset=300)
2026-06-22T13:24:51 [INFO    ] slr.extractors.semantic_scholar — Semantic Scholar — fetched 400/6173 articles (offset=400)
2026-06-22T13:24:53 [INFO    ] slr.extractors.semantic_scholar — Semantic Scholar — fetched 500/6173 articles (offset=500)
2026-06-22T13:24:54 [INFO    ] slr.extractors.semantic_scholar — Semantic Scholar — fetched 600/6173 articles (offset=600)
2026-06-22T13:24:54 [INFO    ] slr.extractors.acm_digital_library — ACM CrossRef — page 1: 50 items fetched (50 total so far, 37249 available)
2026-06-22T13:24:55 [INFO    ] slr.extractors.semantic_scholar — Semantic Scholar — fetched 700/6173 articles (offset=700)
2026-06-22T13:24:56 [INFO    ] slr.extractors.semantic_scholar — Semantic Scholar — fetched 800/6173 articles (offset=800)
2026-06-22T13:24:58 [INFO    ] slr.extractors.semantic_scholar — Semantic Scholar — fetched 900/6173 articles (offset=900)
2026-06-22T13:24:59 [INFO    ] slr.extractors.semantic_scholar — Semantic Scholar — fetched 1000/6173 articles (offset=1000)
2026-06-22T13:25:00 [ERROR   ] slr.extractors.semantic_scholar — Semantic Scholar API error at offset 1000: 400 Client Error: Bad Request for url: https://api.semanticscholar.org/graph/v1/paper/search?query=%22digital+twin%22+cybersecurity+IoT&fields=title%2Cauthors%2Cyear%2CexternalIds%2Cabstract&offset=1000&limit=100
2026-06-22T13:25:00 [INFO    ] slr.extractors.semantic_scholar — Semantic Scholar — collected 1000 articles
2026-06-22T13:25:00 [INFO    ] slr.extractors.semantic_scholar — Saved 1000 raw articles -> semantic_scholar.json
2026-06-22T13:25:00 [INFO    ] slr.pipeline — [Stage 1] semantic_scholar               -> 1000 articles
2026-06-22T13:25:04 [INFO    ] slr.extractors.acm_digital_library — ACM CrossRef fallback — collected 100 articles
2026-06-22T13:25:04 [INFO    ] slr.extractors.acm_digital_library — Saved 100 raw articles -> acm_digital_library.json
2026-06-22T13:25:04 [INFO    ] slr.pipeline — [Stage 1] acm_digital_library            -> 100 articles
2026-06-22T13:25:14 [INFO    ] slr.extractors.computer_org — Computer.org — scraping page 1
2026-06-22T13:25:27 [INFO    ] slr.extractors.computer_org — Computer.org — scraping page 2
2026-06-22T13:25:40 [INFO    ] slr.extractors.computer_org — Computer.org — scraping page 3
2026-06-22T13:25:43 [INFO    ] slr.extractors.computer_org — Computer.org — collected 215 articles
2026-06-22T13:25:43 [INFO    ] slr.extractors.computer_org — Computer.org CrossRef — looking up DOIs for 215 articles …
2026-06-22T13:26:15 [INFO    ] slr.extractors.springer_link — Springer — collected 1239 articles
2026-06-22T13:26:15 [INFO    ] slr.extractors.springer_link — Saved 1239 raw articles -> springer_link.json
2026-06-22T13:26:15 [INFO    ] slr.pipeline — [Stage 1] springer_link                  -> 1239 articles
2026-06-22T13:46:53 [INFO    ] slr.extractors.computer_org — CrossRef enriched 196/215 articles with DOIs
2026-06-22T13:46:53 [INFO    ] slr.extractors.computer_org — Computer.org — DOI enrichment complete: 199/215 articles have DOIs
2026-06-22T13:46:53 [INFO    ] slr.extractors.computer_org — Saved 215 raw articles -> computer_org.json
2026-06-22T13:46:53 [INFO    ] slr.pipeline — [Stage 1] computer_org                   -> 215 articles
2026-06-22T13:46:53 [INFO    ] slr.pipeline — [Stage 1] Total raw articles: 2554
2026-06-22T13:46:53 [INFO    ] slr.pipeline — [Stage 2/5] Deduplicating …
2026-06-22T13:47:02 [INFO    ] slr.processors.deduplicator — Deduplication: 2554 in -> 2507 out (47 dropped: 43 DOI-exact, 3 title-exact, 1 title-fuzzy)
2026-06-22T13:47:03 [INFO    ] slr.pipeline — [Stage 3/5] Filtering articles without valid DOIs …
2026-06-22T13:47:03 [INFO    ] slr.processors.doi_filter — DOI filter: 2507 in -> 2462 out (45 rejected: missing: 45)
2026-06-22T13:47:03 [INFO    ] slr.pipeline — [Stage 4/5] Exporting results …
2026-06-22T13:47:03 [INFO    ] slr.exporters.csv_exporter — CSV exported: articles_final.csv (2462 articles)
2026-06-22T13:47:04 [INFO    ] slr.exporters.excel_exporter — Excel exported: articles_final.xlsx (2462 articles)
2026-06-22T13:47:04 [INFO    ] slr.pipeline — [Stage 5/5] Generating visualizations …
2026-06-22T13:47:04 [INFO    ] matplotlib.font_manager — Failed to extract font properties from /usr/share/fonts/truetype/noto/NotoColorEmoji.ttf: In FT2Font: Can not load face (unknown file format; error code 0x2)
2026-06-22T13:47:04 [INFO    ] matplotlib.font_manager — generated new fontManager
2026-06-22T13:47:04 [INFO    ] matplotlib.category — Using categorical units to plot a list of strings that are all parsable as floats or dates. If these strings should be plotted as numbers, cast to the appropriate data type before plotting.
2026-06-22T13:47:04 [INFO    ] matplotlib.category — Using categorical units to plot a list of strings that are all parsable as floats or dates. If these strings should be plotted as numbers, cast to the appropriate data type before plotting.
2026-06-22T13:47:05 [INFO    ] slr.visualization.years_chart — Years chart saved: plt_publications_per_year.png
2026-06-22T13:47:05 [INFO    ] slr.visualization.authors_chart — Authors chart saved: plt_top_authors.png
2026-06-22T13:47:05 [INFO    ] slr.pipeline — ============================================================
2026-06-22T13:47:05 [INFO    ] slr.pipeline — SLR PIPELINE COMPLETE
2026-06-22T13:47:05 [INFO    ] slr.pipeline —   Raw articles collected : 2554
2026-06-22T13:47:05 [INFO    ] slr.pipeline —   After deduplication    : 2507
2026-06-22T13:47:05 [INFO    ] slr.pipeline —   After DOI filter       : 2462
2026-06-22T13:47:05 [INFO    ] slr.pipeline —   Output directory       : output/2026-06-22T13-24-45Z/articleSelection/step4_export
2026-06-22T13:47:05 [INFO    ] slr.pipeline — ============================================================
