2026-06-15T13:44:33 [INFO    ] slr.pipeline — ============================================================
2026-06-15T13:44:33 [INFO    ] slr.pipeline — SLR PIPELINE START
2026-06-15T13:44:33 [INFO    ] slr.pipeline — Query: ("Digital Twin" OR "Digital Twins") AND ("cyberattack" OR "cyberattacks" OR "cyber attack" OR "cyber attacks" OR "cybersecurity" OR "cyber-security") AND ("internet of things" OR "IoT" OR "CPS" OR "cyber-physical systems")
2026-06-15T13:44:33 [INFO    ] slr.pipeline — Run directory: output/2026-06-15T13-44-32Z
2026-06-15T13:44:33 [INFO    ] slr.pipeline — ============================================================
2026-06-15T13:44:33 [INFO    ] slr.pipeline — [Stage 1/5] Extracting from databases …
2026-06-15T13:44:33 [INFO    ] slr.extractors.acm_digital_library — Starting ACM DL extraction (API mode)
2026-06-15T13:44:33 [INFO    ] slr.extractors.springer_link — Springer — using Open Access API
2026-06-15T13:44:33 [INFO    ] slr.extractors.computer_org — Starting Computer.org extraction
2026-06-15T13:44:33 [WARNING ] slr.extractors.ieee_xplore — IEEE Xplore extractor disabled: IEEE_API_KEY not set. Obtain a free key at https://developer.ieee.org/
2026-06-15T13:44:33 [INFO    ] slr.pipeline — [Stage 1] ieee_xplore                    -> 0 articles
2026-06-15T13:44:33 [INFO    ] slr.extractors.semantic_scholar — Starting Semantic Scholar extraction
2026-06-15T13:44:33 [INFO    ] slr.extractors.semantic_scholar — Semantic Scholar — authenticated (higher rate limit)
2026-06-15T13:44:33 [INFO    ] slr.extractors.semantic_scholar — Semantic Scholar — simplifying complex boolean query to: '"digital twin" cybersecurity IoT'
2026-06-15T13:44:33 [WARNING ] slr.extractors.acm_digital_library — ACM DL is protected by Cloudflare. Falling back to CrossRef API for ACM papers (DOI prefix 10.1145).
2026-06-15T13:44:33 [INFO    ] slr.extractors.acm_digital_library — ACM CrossRef fallback — querying CrossRef for ACM papers …
2026-06-15T13:44:35 [INFO    ] slr.extractors.semantic_scholar — Semantic Scholar — fetched 100/6100 articles (offset=100)
2026-06-15T13:44:36 [INFO    ] slr.extractors.semantic_scholar — Semantic Scholar — fetched 200/6100 articles (offset=200)
2026-06-15T13:44:38 [INFO    ] slr.extractors.acm_digital_library — ACM CrossRef — page 1: 50 items fetched (50 total so far, 37208 available)
2026-06-15T13:44:38 [INFO    ] slr.extractors.semantic_scholar — Semantic Scholar — fetched 300/6100 articles (offset=300)
2026-06-15T13:44:41 [INFO    ] slr.extractors.semantic_scholar — Semantic Scholar — fetched 400/6100 articles (offset=400)
2026-06-15T13:44:42 [INFO    ] slr.extractors.acm_digital_library — ACM CrossRef fallback — collected 100 articles
2026-06-15T13:44:42 [INFO    ] slr.extractors.acm_digital_library — Saved 100 raw articles -> acm_digital_library.json
2026-06-15T13:44:42 [INFO    ] slr.pipeline — [Stage 1] acm_digital_library            -> 100 articles
2026-06-15T13:44:43 [INFO    ] slr.extractors.semantic_scholar — Semantic Scholar — fetched 500/6100 articles (offset=500)
2026-06-15T13:44:44 [INFO    ] slr.extractors.semantic_scholar — Semantic Scholar — fetched 600/6100 articles (offset=600)
2026-06-15T13:44:46 [INFO    ] slr.extractors.semantic_scholar — Semantic Scholar — fetched 700/6100 articles (offset=700)
2026-06-15T13:44:47 [INFO    ] slr.extractors.semantic_scholar — Semantic Scholar — fetched 800/6100 articles (offset=800)
2026-06-15T13:44:49 [INFO    ] slr.extractors.semantic_scholar — Semantic Scholar — fetched 900/6100 articles (offset=900)
2026-06-15T13:44:51 [INFO    ] slr.extractors.semantic_scholar — Semantic Scholar — fetched 1000/6100 articles (offset=1000)
2026-06-15T13:44:51 [ERROR   ] slr.extractors.semantic_scholar — Semantic Scholar API error at offset 1000: 400 Client Error: Bad Request for url: https://api.semanticscholar.org/graph/v1/paper/search?query=%22digital+twin%22+cybersecurity+IoT&fields=title%2Cauthors%2Cyear%2CexternalIds%2Cabstract&offset=1000&limit=100
2026-06-15T13:44:51 [INFO    ] slr.extractors.semantic_scholar — Semantic Scholar — collected 1000 articles
2026-06-15T13:44:51 [INFO    ] slr.extractors.semantic_scholar — Saved 1000 raw articles -> semantic_scholar.json
2026-06-15T13:44:51 [INFO    ] slr.pipeline — [Stage 1] semantic_scholar               -> 1000 articles
2026-06-15T13:45:28 [INFO    ] slr.extractors.computer_org — Computer.org — scraping page 1
2026-06-15T13:45:40 [INFO    ] slr.extractors.computer_org — Computer.org — scraping page 2
2026-06-15T13:45:50 [INFO    ] slr.extractors.springer_link — Springer — collected 1195 articles
2026-06-15T13:45:50 [INFO    ] slr.extractors.springer_link — Saved 1195 raw articles -> springer_link.json
2026-06-15T13:45:50 [INFO    ] slr.pipeline — [Stage 1] springer_link                  -> 1195 articles
2026-06-15T13:45:52 [INFO    ] slr.extractors.computer_org — Computer.org — scraping page 3
2026-06-15T13:45:54 [INFO    ] slr.extractors.computer_org — Computer.org — collected 210 articles
2026-06-15T13:45:54 [INFO    ] slr.extractors.computer_org — Computer.org CrossRef — looking up DOIs for 210 articles …
2026-06-15T13:53:38 [INFO    ] slr.extractors.computer_org — CrossRef enriched 191/210 articles with DOIs
2026-06-15T13:53:38 [INFO    ] slr.extractors.computer_org — Computer.org — DOI enrichment complete: 194/210 articles have DOIs
2026-06-15T13:53:38 [INFO    ] slr.extractors.computer_org — Saved 210 raw articles -> computer_org.json
2026-06-15T13:53:38 [INFO    ] slr.pipeline — [Stage 1] computer_org                   -> 210 articles
2026-06-15T13:53:38 [INFO    ] slr.pipeline — [Stage 1] Total raw articles: 2505
2026-06-15T13:53:38 [INFO    ] slr.pipeline — [Stage 2/5] Deduplicating …
2026-06-15T13:53:47 [INFO    ] slr.processors.deduplicator — Deduplication: 2505 in -> 2458 out (47 dropped: 43 DOI-exact, 3 title-exact, 1 title-fuzzy)
2026-06-15T13:53:47 [INFO    ] slr.pipeline — [Stage 3/5] Filtering articles without valid DOIs …
2026-06-15T13:53:47 [INFO    ] slr.processors.doi_filter — DOI filter: 2458 in -> 2414 out (44 rejected: missing: 44)
2026-06-15T13:53:47 [INFO    ] slr.pipeline — [Stage 4/5] Exporting results …
2026-06-15T13:53:47 [INFO    ] slr.exporters.csv_exporter — CSV exported: articles_final.csv (2414 articles)
2026-06-15T13:53:48 [INFO    ] slr.exporters.excel_exporter — Excel exported: articles_final.xlsx (2414 articles)
2026-06-15T13:53:48 [INFO    ] slr.pipeline — [Stage 5/5] Generating visualizations …
2026-06-15T13:53:48 [INFO    ] matplotlib.font_manager — Failed to extract font properties from /usr/share/fonts/truetype/noto/NotoColorEmoji.ttf: In FT2Font: Can not load face (unknown file format; error code 0x2)
2026-06-15T13:53:48 [INFO    ] matplotlib.font_manager — generated new fontManager
2026-06-15T13:53:49 [INFO    ] matplotlib.category — Using categorical units to plot a list of strings that are all parsable as floats or dates. If these strings should be plotted as numbers, cast to the appropriate data type before plotting.
2026-06-15T13:53:49 [INFO    ] matplotlib.category — Using categorical units to plot a list of strings that are all parsable as floats or dates. If these strings should be plotted as numbers, cast to the appropriate data type before plotting.
2026-06-15T13:53:49 [INFO    ] slr.visualization.years_chart — Years chart saved: plt_publications_per_year.png
2026-06-15T13:53:49 [INFO    ] slr.visualization.authors_chart — Authors chart saved: plt_top_authors.png
2026-06-15T13:53:49 [INFO    ] slr.pipeline — ============================================================
2026-06-15T13:53:49 [INFO    ] slr.pipeline — SLR PIPELINE COMPLETE
2026-06-15T13:53:49 [INFO    ] slr.pipeline —   Raw articles collected : 2505
2026-06-15T13:53:49 [INFO    ] slr.pipeline —   After deduplication    : 2458
2026-06-15T13:53:49 [INFO    ] slr.pipeline —   After DOI filter       : 2414
2026-06-15T13:53:49 [INFO    ] slr.pipeline —   Output directory       : output/2026-06-15T13-44-32Z/articleSelection/step4_export
2026-06-15T13:53:49 [INFO    ] slr.pipeline — ============================================================
